f:\myproject\remotecontrol\remotecontrol\debug\remotecontrol.pch
f:\myproject\remotecontrol\remotecontrol\debug\vc120.pdb
f:\myproject\remotecontrol\remotecontrol\debug\vc120.idb
f:\myproject\remotecontrol\remotecontrol\debug\stdafx.obj
f:\myproject\remotecontrol\remotecontrol\debug\buffer.obj
f:\myproject\remotecontrol\remotecontrol\debug\cpuusage.obj
f:\myproject\remotecontrol\remotecontrol\debug\iocpserver.obj
f:\myproject\remotecontrol\remotecontrol\debug\remotecontrol.obj
f:\myproject\remotecontrol\remotecontrol\debug\remotecontroldlg.obj
f:\myproject\remotecontrol\debug\remotecontrol.ilk
f:\myproject\remotecontrol\debug\remotecontrol.exe
f:\myproject\remotecontrol\debug\remotecontrol.pdb
f:\myproject\remotecontrol\remotecontrol\debug\remotecontrol.res
f:\myproject\remotecontrol\remotecontrol\debug\remotecontrol.tlog\cl.command.1.tlog
f:\myproject\remotecontrol\remotecontrol\debug\remotecontrol.tlog\cl.read.1.tlog
f:\myproject\remotecontrol\remotecontrol\debug\remotecontrol.tlog\cl.write.1.tlog
f:\myproject\remotecontrol\remotecontrol\debug\remotecontrol.tlog\link.command.1.tlog
f:\myproject\remotecontrol\remotecontrol\debug\remotecontrol.tlog\link.read.1.tlog
f:\myproject\remotecontrol\remotecontrol\debug\remotecontrol.tlog\link.write.1.tlog
f:\myproject\remotecontrol\remotecontrol\debug\remotecontrol.tlog\rc.command.1.tlog
f:\myproject\remotecontrol\remotecontrol\debug\remotecontrol.tlog\rc.read.1.tlog
f:\myproject\remotecontrol\remotecontrol\debug\remotecontrol.tlog\rc.write.1.tlog
